<?xml version="1.0" encoding="UTF-8"?>
<coverage generated="1565374461866" clover="3.2.0">
  <project timestamp="1565374461866" name="All files">
    <metrics statements="23" coveredstatements="20" conditionals="15" coveredconditionals="9" methods="8" coveredmethods="8" elements="46" coveredelements="37" complexity="0" loc="23" ncloc="23" packages="2" files="2" classes="2"/>
    <package name="head">
      <metrics statements="13" coveredstatements="10" conditionals="13" coveredconditionals="7" methods="3" coveredmethods="3"/>
      <file name="index.ts" path="/mnt/c/Users/shail/Projects/Personal/hydrogen/src/services/head/index.ts">
        <metrics statements="13" coveredstatements="10" conditionals="13" coveredconditionals="7" methods="3" coveredmethods="3"/>
        <line num="4" count="2" type="cond" truecount="0" falsecount="1"/>
        <line num="5" count="3" type="stmt"/>
        <line num="6" count="5" type="cond" truecount="1" falsecount="1"/>
        <line num="8" count="3" type="cond" truecount="2" falsecount="0"/>
        <line num="9" count="1" type="cond" truecount="1" falsecount="1"/>
        <line num="10" count="1" type="stmt"/>
        <line num="13" count="0" type="cond" truecount="0" falsecount="2"/>
        <line num="14" count="0" type="stmt"/>
        <line num="17" count="0" type="stmt"/>
        <line num="20" count="2" type="stmt"/>
        <line num="23" count="2" type="stmt"/>
        <line num="24" count="4" type="cond" truecount="2" falsecount="0"/>
        <line num="29" count="4" type="stmt"/>
      </file>
    </package>
    <package name="template">
      <metrics statements="10" coveredstatements="10" conditionals="2" coveredconditionals="2" methods="5" coveredmethods="5"/>
      <file name="index.ts" path="/mnt/c/Users/shail/Projects/Personal/hydrogen/src/services/template/index.ts">
        <metrics statements="10" coveredstatements="10" conditionals="2" coveredconditionals="2" methods="5" coveredmethods="5"/>
        <line num="3" count="1" type="stmt"/>
        <line num="5" count="6" type="stmt"/>
        <line num="6" count="6" type="stmt"/>
        <line num="7" count="6" type="stmt"/>
        <line num="11" count="3" type="stmt"/>
        <line num="12" count="3" type="cond" truecount="2" falsecount="0"/>
        <line num="14" count="3" type="stmt"/>
        <line num="21" count="3" type="stmt"/>
        <line num="27" count="3" type="stmt"/>
        <line num="35" count="3" type="stmt"/>
      </file>
    </package>
  </project>
</coverage>
