{"/mnt/c/Users/shail/Projects/Personal/hydrogen/src/services/head/index.ts": {"path":"/mnt/c/Users/shail/Projects/Personal/hydrogen/src/services/head/index.ts","statementMap":{"0":{"start":{"line":4,"column":20},"end":{"line":21,"column":1}},"1":{"start":{"line":5,"column":15},"end":{"line":5,"column":33}},"2":{"start":{"line":6,"column":21},"end":{"line":6,"column":125}},"3":{"start":{"line":6,"column":56},"end":{"line":6,"column":113}},"4":{"start":{"line":8,"column":2},"end":{"line":18,"column":null}},"5":{"start":{"line":9,"column":4},"end":{"line":11,"column":null}},"6":{"start":{"line":10,"column":6},"end":{"line":10,"column":47}},"7":{"start":{"line":13,"column":4},"end":{"line":15,"column":null}},"8":{"start":{"line":14,"column":6},"end":{"line":14,"column":43}},"9":{"start":{"line":17,"column":4},"end":{"line":17,"column":55}},"10":{"start":{"line":20,"column":2},"end":{"line":20,"column":36}},"11":{"start":{"line":23,"column":13},"end":{"line":30,"column":2}},"12":{"start":{"line":24,"column":15},"end":{"line":27,"column":8}},"13":{"start":{"line":29,"column":2},"end":{"line":29,"column":42}}},"fnMap":{"0":{"name":"(anonymous_0)","decl":{"start":{"line":4,"column":20},"end":{"line":4,"column":21}},"loc":{"start":{"line":4,"column":70},"end":{"line":21,"column":1}}},"1":{"name":"(anonymous_1)","decl":{"start":{"line":6,"column":30},"end":{"line":6,"column":31}},"loc":{"start":{"line":6,"column":56},"end":{"line":6,"column":113}}},"2":{"name":"(anonymous_2)","decl":{"start":{"line":23,"column":35},"end":{"line":23,"column":40}},"loc":{"start":{"line":23,"column":151},"end":{"line":30,"column":1}}}},"branchMap":{"0":{"loc":{"start":{"line":4,"column":44},"end":{"line":4,"column":48}},"type":"default-arg","locations":[{"start":{"line":4,"column":44},"end":{"line":4,"column":48}}]},"1":{"loc":{"start":{"line":6,"column":78},"end":{"line":6,"column":86}},"type":"cond-expr","locations":[{"start":{"line":6,"column":78},"end":{"line":6,"column":86}},{"start":{"line":6,"column":89},"end":{"line":6,"column":113}}]},"2":{"loc":{"start":{"line":8,"column":2},"end":{"line":18,"column":null}},"type":"if","locations":[{"start":{"line":8,"column":2},"end":{"line":18,"column":null}},{"start":{"line":8,"column":2},"end":{"line":18,"column":null}}]},"3":{"loc":{"start":{"line":9,"column":4},"end":{"line":11,"column":null}},"type":"if","locations":[{"start":{"line":9,"column":4},"end":{"line":11,"column":null}},{"start":{"line":9,"column":4},"end":{"line":11,"column":null}}]},"4":{"loc":{"start":{"line":13,"column":4},"end":{"line":15,"column":null}},"type":"if","locations":[{"start":{"line":13,"column":4},"end":{"line":15,"column":null}},{"start":{"line":13,"column":4},"end":{"line":15,"column":null}}]},"5":{"loc":{"start":{"line":24,"column":22},"end":{"line":27,"column":4}},"type":"cond-expr","locations":[{"start":{"line":24,"column":22},"end":{"line":27,"column":4}},{"start":{"line":27,"column":6},"end":{"line":27,"column":8}}]},"6":{"loc":{"start":{"line":25,"column":21},"end":{"line":25,"column":61}},"type":"cond-expr","locations":[{"start":{"line":25,"column":21},"end":{"line":25,"column":61}},{"start":{"line":25,"column":64},"end":{"line":25,"column":66}}]}},"s":{"0":2,"1":3,"2":3,"3":5,"4":3,"5":1,"6":1,"7":0,"8":0,"9":0,"10":2,"11":2,"12":4,"13":4},"f":{"0":3,"1":5,"2":4},"b":{"0":[0],"1":[0,5],"2":[1,2],"3":[1,0],"4":[0,0],"5":[2,2],"6":[0,2]}}
,"/mnt/c/Users/shail/Projects/Personal/hydrogen/src/services/template/index.ts": {"path":"/mnt/c/Users/shail/Projects/Personal/hydrogen/src/services/template/index.ts","statementMap":{"0":{"start":{"line":3,"column":0},"end":{"line":3,"column":46}},"1":{"start":{"line":5,"column":13},"end":{"line":9,"column":6}},"2":{"start":{"line":5,"column":122},"end":{"line":9,"column":5}},"3":{"start":{"line":6,"column":16},"end":{"line":6,"column":18}},"4":{"start":{"line":6,"column":18},"end":{"line":6,"column":32}},"5":{"start":{"line":6,"column":64},"end":{"line":9,"column":5}},"6":{"start":{"line":7,"column":50},"end":{"line":7,"column":65}},"7":{"start":{"line":11,"column":13},"end":{"line":40,"column":4}},"8":{"start":{"line":11,"column":115},"end":{"line":40,"column":3}},"9":{"start":{"line":12,"column":19},"end":{"line":12,"column":68}},"10":{"start":{"line":14,"column":19},"end":{"line":19,"column":4}},"11":{"start":{"line":21,"column":23},"end":{"line":25,"column":4}},"12":{"start":{"line":27,"column":25},"end":{"line":33,"column":4}},"13":{"start":{"line":35,"column":2},"end":{"line":39,"column":4}}},"fnMap":{"0":{"name":"(anonymous_0)","decl":{"start":{"line":5,"column":37},"end":{"line":5,"column":38}},"loc":{"start":{"line":5,"column":122},"end":{"line":9,"column":5}}},"1":{"name":"(anonymous_1)","decl":{"start":{"line":6,"column":7},"end":{"line":6,"column":8}},"loc":{"start":{"line":6,"column":63},"end":{"line":9,"column":5}}},"2":{"name":"(anonymous_2)","decl":{"start":{"line":7,"column":27},"end":{"line":7,"column":28}},"loc":{"start":{"line":7,"column":50},"end":{"line":7,"column":65}}},"3":{"name":"(anonymous_3)","decl":{"start":{"line":11,"column":28},"end":{"line":11,"column":29}},"loc":{"start":{"line":11,"column":115},"end":{"line":40,"column":3}}},"4":{"name":"(anonymous_4)","decl":{"start":{"line":11,"column":137},"end":{"line":11,"column":142}},"loc":{"start":{"line":11,"column":173},"end":{"line":40,"column":1}}}},"branchMap":{"0":{"loc":{"start":{"line":12,"column":31},"end":{"line":12,"column":63}},"type":"cond-expr","locations":[{"start":{"line":12,"column":31},"end":{"line":12,"column":63}},{"start":{"line":12,"column":66},"end":{"line":12,"column":68}}]}},"s":{"0":1,"1":1,"2":6,"3":6,"4":6,"5":6,"6":6,"7":1,"8":3,"9":3,"10":3,"11":3,"12":3,"13":3},"f":{"0":6,"1":6,"2":6,"3":3,"4":3},"b":{"0":[1,2]}}
}
