TN:
SF:/mnt/c/Users/shail/Projects/Personal/hydrogen/src/services/head/index.ts
FN:4,(anonymous_0)
FN:6,(anonymous_1)
FN:23,(anonymous_2)
FNF:3
FNH:3
FNDA:2,(anonymous_0)
FNDA:3,(anonymous_1)
FNDA:2,(anonymous_2)
DA:4,2
DA:5,2
DA:6,3
DA:8,2
DA:9,1
DA:10,1
DA:13,0
DA:14,0
DA:17,0
DA:20,1
DA:23,2
DA:24,2
DA:29,2
LF:13
LH:10
BRDA:4,0,0,0
BRDA:6,1,0,0
BRDA:6,1,1,3
BRDA:8,2,0,1
BRDA:8,2,1,1
BRDA:9,3,0,1
BRDA:9,3,1,0
BRDA:13,4,0,0
BRDA:13,4,1,0
BRDA:24,5,0,1
BRDA:24,5,1,1
BRDA:25,6,0,0
BRDA:25,6,1,1
BRF:13
BRH:7
end_of_record
TN:
SF:/mnt/c/Users/shail/Projects/Personal/hydrogen/src/services/template/index.ts
FN:5,(anonymous_0)
FN:6,(anonymous_1)
FN:7,(anonymous_2)
FN:11,(anonymous_3)
FN:11,(anonymous_4)
FNF:5
FNH:5
FNDA:2,(anonymous_0)
FNDA:2,(anonymous_1)
FNDA:2,(anonymous_2)
FNDA:1,(anonymous_3)
FNDA:1,(anonymous_4)
DA:3,1
DA:5,2
DA:6,2
DA:7,2
DA:11,1
DA:12,1
DA:14,1
DA:21,1
DA:27,1
DA:35,1
LF:10
LH:10
BRDA:12,0,0,0
BRDA:12,0,1,1
BRF:2
BRH:1
end_of_record
