TN:
SF:/mnt/c/Users/shail/Projects/Personal/hydrogen/src/services/head/index.ts
FN:4,(anonymous_0)
FN:6,(anonymous_1)
FN:23,(anonymous_2)
FNF:3
FNH:3
FNDA:2,(anonymous_0)
FNDA:3,(anonymous_1)
FNDA:1,(anonymous_2)
DA:4,1
DA:5,2
DA:6,3
DA:8,2
DA:9,1
DA:10,1
DA:13,0
DA:14,0
DA:17,0
DA:20,1
DA:23,1
DA:24,1
DA:29,1
LF:13
LH:10
BRDA:4,0,0,0
BRDA:6,1,0,0
BRDA:6,1,1,3
BRDA:8,2,0,1
BRDA:8,2,1,1
BRDA:9,3,0,1
BRDA:9,3,1,0
BRDA:13,4,0,0
BRDA:13,4,1,0
BRDA:24,5,0,1
BRDA:24,5,1,0
BRDA:25,6,0,0
BRDA:25,6,1,1
BRF:13
BRH:6
end_of_record
